[2026-05-26 14:56:27] production.ERROR: could not find driver (Connection: sqlite, Database: C:\Users\Pichau\Desktop\LaravelAtividade\laravel-introducao\database\database.sqlite, SQL: select exists (select 1 from "main".sqlite_master where name = 'migrations' and type = 'table') as "exists") {"exception":"[object] (Illuminate\\Database\\QueryException(code: 0): could not find driver (Connection: sqlite, Database: C:\\Users\\Pichau\\Desktop\\LaravelAtividade\\laravel-introducao\\database\\database.sqlite, SQL: select exists (select 1 from \"main\".sqlite_master where name = 'migrations' and type = 'table') as \"exists\") at C:/Users/Pichau/Desktop/LaravelAtividade/laravel-introducao/vendor/laravel/framework/src/Illuminate/Database/Connection.php:838)
[stacktrace]
#0 C:/Users/Pichau/Desktop/LaravelAtividade/laravel-introducao/vendor/laravel/framework/src/Illuminate/Database/Connection.php(794): Illuminate/Database/Connection->runQueryCallback()
#1 C:/Users/Pichau/Desktop/LaravelAtividade/laravel-introducao/vendor/laravel/framework/src/Illuminate/Database/Connection.php(411): Illuminate/Database/Connection->run()
#2 C:/Users/Pichau/Desktop/LaravelAtividade/laravel-introducao/vendor/laravel/framework/src/Illuminate/Database/Connection.php(357): Illuminate/Database/Connection->select()
#3 C:/Users/Pichau/Desktop/LaravelAtividade/laravel-introducao/vendor/laravel/framework/src/Illuminate/Database/Connection.php(374): Illuminate/Database/Connection->selectOne()
#4 C:/Users/Pichau/Desktop/LaravelAtividade/laravel-introducao/vendor/laravel/framework/src/Illuminate/Database/Schema/Builder.php(176): Illuminate/Database/Connection->scalar()
#5 C:/Users/Pichau/Desktop/LaravelAtividade/laravel-introducao/vendor/laravel/framework/src/Illuminate/Database/Migrations/DatabaseMigrationRepository.php(185): Illuminate/Database/Schema/Builder->hasTable()
#6 C:/Users/Pichau/Desktop/LaravelAtividade/laravel-introducao/vendor/laravel/framework/src/Illuminate/Database/Migrations/Migrator.php(758): Illuminate/Database/Migrations/DatabaseMigrationRepository->repositoryExists()
#7 C:/Users/Pichau/Desktop/LaravelAtividade/laravel-introducao/vendor/laravel/framework/src/Illuminate/Database/Console/Migrations/MigrateCommand.php(164): Illuminate/Database/Migrations/Migrator->repositoryExists()
#8 C:/Users/Pichau/Desktop/LaravelAtividade/laravel-introducao/vendor/laravel/framework/src/Illuminate/Support/helpers.php(328): Illuminate/Database/Console/Migrations/MigrateCommand->{closure:Illuminate/Database/Console/Migrations/MigrateCommand::repositoryExists():164}()
#9 C:/Users/Pichau/Desktop/LaravelAtividade/laravel-introducao/vendor/laravel/framework/src/Illuminate/Database/Console/Migrations/MigrateCommand.php(164): retry()
#10 C:/Users/Pichau/Desktop/LaravelAtividade/laravel-introducao/vendor/laravel/framework/src/Illuminate/Database/Console/Migrations/MigrateCommand.php(140): Illuminate/Database/Console/Migrations/MigrateCommand->repositoryExists()
#11 C:/Users/Pichau/Desktop/LaravelAtividade/laravel-introducao/vendor/laravel/framework/src/Illuminate/Database/Console/Migrations/MigrateCommand.php(110): Illuminate/Database/Console/Migrations/MigrateCommand->prepareDatabase()
#12 C:/Users/Pichau/Desktop/LaravelAtividade/laravel-introducao/vendor/laravel/framework/src/Illuminate/Database/Migrations/Migrator.php(671): Illuminate/Database/Console/Migrations/MigrateCommand->{closure:Illuminate/Database/Console/Migrations/MigrateCommand::runMigrations():109}()
#13 C:/Users/Pichau/Desktop/LaravelAtividade/laravel-introducao/vendor/laravel/framework/src/Illuminate/Database/Console/Migrations/MigrateCommand.php(109): Illuminate/Database/Migrations/Migrator->usingConnection()
#14 C:/Users/Pichau/Desktop/LaravelAtividade/laravel-introducao/vendor/laravel/framework/src/Illuminate/Database/Console/Migrations/MigrateCommand.php(88): Illuminate/Database/Console/Migrations/MigrateCommand->runMigrations()
#15 C:/Users/Pichau/Desktop/LaravelAtividade/laravel-introducao/vendor/laravel/framework/src/Illuminate/Container/BoundMethod.php(36): Illuminate/Database/Console/Migrations/MigrateCommand->handle()
#16 C:/Users/Pichau/Desktop/LaravelAtividade/laravel-introducao/vendor/laravel/framework/src/Illuminate/Container/Util.php(43): Illuminate/Container/BoundMethod::{closure:Illuminate/Container/BoundMethod::call():35}()
#17 C:/Users/Pichau/Desktop/LaravelAtividade/laravel-introducao/vendor/laravel/framework/src/Illuminate/Container/BoundMethod.php(96): Illuminate/Container/Util::unwrapIfClosure()
#18 C:/Users/Pichau/Desktop/LaravelAtividade/laravel-introducao/vendor/laravel/framework/src/Illuminate/Container/BoundMethod.php(35): Illuminate/Container/BoundMethod::callBoundMethod()
#19 C:/Users/Pichau/Desktop/LaravelAtividade/laravel-introducao/vendor/laravel/framework/src/Illuminate/Container/Container.php(799): Illuminate/Container/BoundMethod::call()
#20 C:/Users/Pichau/Desktop/LaravelAtividade/laravel-introducao/vendor/laravel/framework/src/Illuminate/Console/Command.php(211): Illuminate/Container/Container->call()
#21 C:/Users/Pichau/Desktop/LaravelAtividade/laravel-introducao/vendor/symfony/console/Command/Command.php(341): Illuminate/Console/Command->execute()
#22 C:/Users/Pichau/Desktop/LaravelAtividade/laravel-introducao/vendor/laravel/framework/src/Illuminate/Console/Command.php(180): Symfony/Component/Console/Command/Command->run()
#23 C:/Users/Pichau/Desktop/LaravelAtividade/laravel-introducao/vendor/symfony/console/Application.php(1117): Illuminate/Console/Command->run()
#24 C:/Users/Pichau/Desktop/LaravelAtividade/laravel-introducao/vendor/symfony/console/Application.php(356): Symfony/Component/Console/Application->doRunCommand()
#25 C:/Users/Pichau/Desktop/LaravelAtividade/laravel-introducao/vendor/symfony/console/Application.php(195): Symfony/Component/Console/Application->doRun()
#26 C:/Users/Pichau/Desktop/LaravelAtividade/laravel-introducao/vendor/laravel/framework/src/Illuminate/Foundation/Console/Kernel.php(198): Symfony/Component/Console/Application->run()
#27 C:/Users/Pichau/Desktop/LaravelAtividade/laravel-introducao/vendor/laravel/framework/src/Illuminate/Foundation/Application.php(1235): Illuminate/Foundation/Console/Kernel->handle()
#28 C:/Users/Pichau/Desktop/LaravelAtividade/laravel-introducao/artisan(16): Illuminate/Foundation/Application->handleCommand()
#29 {main}

[previous exception] [object] (PDOException(code: 0): could not find driver at C:/Users/Pichau/Desktop/LaravelAtividade/laravel-introducao/vendor/laravel/framework/src/Illuminate/Database/Connectors/Connector.php:67)
[stacktrace]
#0 C:/Users/Pichau/Desktop/LaravelAtividade/laravel-introducao/vendor/laravel/framework/src/Illuminate/Database/Connectors/Connector.php(67): PDO::connect()
#1 C:/Users/Pichau/Desktop/LaravelAtividade/laravel-introducao/vendor/laravel/framework/src/Illuminate/Database/Connectors/Connector.php(44): Illuminate/Database/Connectors/Connector->createPdoConnection()
#2 C:/Users/Pichau/Desktop/LaravelAtividade/laravel-introducao/vendor/laravel/framework/src/Illuminate/Database/Connectors/SQLiteConnector.php(21): Illuminate/Database/Connectors/Connector->createConnection()
#3 C:/Users/Pichau/Desktop/LaravelAtividade/laravel-introducao/vendor/laravel/framework/src/Illuminate/Database/Connectors/ConnectionFactory.php(225): Illuminate/Database/Connectors/SQLiteConnector->connect()
#4 [internal function]: Illuminate/Database/Connectors/ConnectionFactory->{closure:Illuminate/Database/Connectors/ConnectionFactory::createPdoResolverWithoutHosts():225}()
#5 C:/Users/Pichau/Desktop/LaravelAtividade/laravel-introducao/vendor/laravel/framework/src/Illuminate/Database/Connection.php(1257): call_user_func()
#6 C:/Users/Pichau/Desktop/LaravelAtividade/laravel-introducao/vendor/laravel/framework/src/Illuminate/Database/Connection.php(1295): Illuminate/Database/Connection->getPdo()
#7 C:/Users/Pichau/Desktop/LaravelAtividade/laravel-introducao/vendor/laravel/framework/src/Illuminate/Database/Connection.php(525): Illuminate/Database/Connection->getReadPdo()
#8 C:/Users/Pichau/Desktop/LaravelAtividade/laravel-introducao/vendor/laravel/framework/src/Illuminate/Database/Connection.php(420): Illuminate/Database/Connection->getPdoForSelect()
#9 C:/Users/Pichau/Desktop/LaravelAtividade/laravel-introducao/vendor/laravel/framework/src/Illuminate/Database/Connection.php(827): Illuminate/Database/Connection->{closure:Illuminate/Database/Connection::select():411}()
#10 C:/Users/Pichau/Desktop/LaravelAtividade/laravel-introducao/vendor/laravel/framework/src/Illuminate/Database/Connection.php(794): Illuminate/Database/Connection->runQueryCallback()
#11 C:/Users/Pichau/Desktop/LaravelAtividade/laravel-introducao/vendor/laravel/framework/src/Illuminate/Database/Connection.php(411): Illuminate/Database/Connection->run()
#12 C:/Users/Pichau/Desktop/LaravelAtividade/laravel-introducao/vendor/laravel/framework/src/Illuminate/Database/Connection.php(357): Illuminate/Database/Connection->select()
#13 C:/Users/Pichau/Desktop/LaravelAtividade/laravel-introducao/vendor/laravel/framework/src/Illuminate/Database/Connection.php(374): Illuminate/Database/Connection->selectOne()
#14 C:/Users/Pichau/Desktop/LaravelAtividade/laravel-introducao/vendor/laravel/framework/src/Illuminate/Database/Schema/Builder.php(176): Illuminate/Database/Connection->scalar()
#15 C:/Users/Pichau/Desktop/LaravelAtividade/laravel-introducao/vendor/laravel/framework/src/Illuminate/Database/Migrations/DatabaseMigrationRepository.php(185): Illuminate/Database/Schema/Builder->hasTable()
#16 C:/Users/Pichau/Desktop/LaravelAtividade/laravel-introducao/vendor/laravel/framework/src/Illuminate/Database/Migrations/Migrator.php(758): Illuminate/Database/Migrations/DatabaseMigrationRepository->repositoryExists()
#17 C:/Users/Pichau/Desktop/LaravelAtividade/laravel-introducao/vendor/laravel/framework/src/Illuminate/Database/Console/Migrations/MigrateCommand.php(164): Illuminate/Database/Migrations/Migrator->repositoryExists()
#18 C:/Users/Pichau/Desktop/LaravelAtividade/laravel-introducao/vendor/laravel/framework/src/Illuminate/Support/helpers.php(328): Illuminate/Database/Console/Migrations/MigrateCommand->{closure:Illuminate/Database/Console/Migrations/MigrateCommand::repositoryExists():164}()
#19 C:/Users/Pichau/Desktop/LaravelAtividade/laravel-introducao/vendor/laravel/framework/src/Illuminate/Database/Console/Migrations/MigrateCommand.php(164): retry()
#20 C:/Users/Pichau/Desktop/LaravelAtividade/laravel-introducao/vendor/laravel/framework/src/Illuminate/Database/Console/Migrations/MigrateCommand.php(140): Illuminate/Database/Console/Migrations/MigrateCommand->repositoryExists()
#21 C:/Users/Pichau/Desktop/LaravelAtividade/laravel-introducao/vendor/laravel/framework/src/Illuminate/Database/Console/Migrations/MigrateCommand.php(110): Illuminate/Database/Console/Migrations/MigrateCommand->prepareDatabase()
#22 C:/Users/Pichau/Desktop/LaravelAtividade/laravel-introducao/vendor/laravel/framework/src/Illuminate/Database/Migrations/Migrator.php(671): Illuminate/Database/Console/Migrations/MigrateCommand->{closure:Illuminate/Database/Console/Migrations/MigrateCommand::runMigrations():109}()
#23 C:/Users/Pichau/Desktop/LaravelAtividade/laravel-introducao/vendor/laravel/framework/src/Illuminate/Database/Console/Migrations/MigrateCommand.php(109): Illuminate/Database/Migrations/Migrator->usingConnection()
#24 C:/Users/Pichau/Desktop/LaravelAtividade/laravel-introducao/vendor/laravel/framework/src/Illuminate/Database/Console/Migrations/MigrateCommand.php(88): Illuminate/Database/Console/Migrations/MigrateCommand->runMigrations()
#25 C:/Users/Pichau/Desktop/LaravelAtividade/laravel-introducao/vendor/laravel/framework/src/Illuminate/Container/BoundMethod.php(36): Illuminate/Database/Console/Migrations/MigrateCommand->handle()
#26 C:/Users/Pichau/Desktop/LaravelAtividade/laravel-introducao/vendor/laravel/framework/src/Illuminate/Container/Util.php(43): Illuminate/Container/BoundMethod::{closure:Illuminate/Container/BoundMethod::call():35}()
#27 C:/Users/Pichau/Desktop/LaravelAtividade/laravel-introducao/vendor/laravel/framework/src/Illuminate/Container/BoundMethod.php(96): Illuminate/Container/Util::unwrapIfClosure()
#28 C:/Users/Pichau/Desktop/LaravelAtividade/laravel-introducao/vendor/laravel/framework/src/Illuminate/Container/BoundMethod.php(35): Illuminate/Container/BoundMethod::callBoundMethod()
#29 C:/Users/Pichau/Desktop/LaravelAtividade/laravel-introducao/vendor/laravel/framework/src/Illuminate/Container/Container.php(799): Illuminate/Container/BoundMethod::call()
#30 C:/Users/Pichau/Desktop/LaravelAtividade/laravel-introducao/vendor/laravel/framework/src/Illuminate/Console/Command.php(211): Illuminate/Container/Container->call()
#31 C:/Users/Pichau/Desktop/LaravelAtividade/laravel-introducao/vendor/symfony/console/Command/Command.php(341): Illuminate/Console/Command->execute()
#32 C:/Users/Pichau/Desktop/LaravelAtividade/laravel-introducao/vendor/laravel/framework/src/Illuminate/Console/Command.php(180): Symfony/Component/Console/Command/Command->run()
#33 C:/Users/Pichau/Desktop/LaravelAtividade/laravel-introducao/vendor/symfony/console/Application.php(1117): Illuminate/Console/Command->run()
#34 C:/Users/Pichau/Desktop/LaravelAtividade/laravel-introducao/vendor/symfony/console/Application.php(356): Symfony/Component/Console/Application->doRunCommand()
#35 C:/Users/Pichau/Desktop/LaravelAtividade/laravel-introducao/vendor/symfony/console/Application.php(195): Symfony/Component/Console/Application->doRun()
#36 C:/Users/Pichau/Desktop/LaravelAtividade/laravel-introducao/vendor/laravel/framework/src/Illuminate/Foundation/Console/Kernel.php(198): Symfony/Component/Console/Application->run()
#37 C:/Users/Pichau/Desktop/LaravelAtividade/laravel-introducao/vendor/laravel/framework/src/Illuminate/Foundation/Application.php(1235): Illuminate/Foundation/Console/Kernel->handle()
#38 C:/Users/Pichau/Desktop/LaravelAtividade/laravel-introducao/artisan(16): Illuminate/Foundation/Application->handleCommand()
#39 {main}
"} 
